2021-10-26 10:12:47 DEBUG chesslib.c:87: g_init_chess_lib
2021-10-26 10:13:50 DEBUG chesslib.c:87: g_init_chess_lib
2021-10-26 10:13:51 DEBUG chesslib.c:100: g_close_chess_lib
2021-10-26 10:15:15 DEBUG chesslib.c:87: g_init_chess_lib
2021-10-26 10:15:35 DEBUG chesslib.c:183: g_move_to | is_castling = 0
2021-10-26 10:15:37 DEBUG chesslib.c:183: g_move_to | is_castling = 0
2021-10-26 10:15:39 DEBUG chesslib.c:183: g_move_to | is_castling = 0
2021-10-26 10:15:40 DEBUG chesslib.c:183: g_move_to | is_castling = 0
2021-10-26 10:15:44 DEBUG chesslib.c:183: g_move_to | is_castling = 0
2021-10-26 10:15:45 DEBUG chesslib.c:183: g_move_to | is_castling = 0
2021-10-26 10:15:47 DEBUG chesslib.c:183: g_move_to | is_castling = 0
2021-10-26 10:15:49 DEBUG chesslib.c:183: g_move_to | is_castling = 0
2021-10-26 10:15:52 DEBUG chesslib.c:183: g_move_to | is_castling = 0
2021-10-26 10:15:55 DEBUG chesslib.c:183: g_move_to | is_castling = 0
2021-10-26 10:15:59 DEBUG chesslib.c:100: g_close_chess_lib
2021-10-26 10:16:06 DEBUG chesslib.c:87: g_init_chess_lib
2021-10-26 10:17:16 DEBUG chesslib.c:183: g_move_to | is_castling = 0
2021-10-26 10:17:17 DEBUG chesslib.c:183: g_move_to | is_castling = 0
2021-10-26 10:17:20 DEBUG chesslib.c:183: g_move_to | is_castling = 0
2021-10-26 10:17:23 DEBUG chesslib.c:183: g_move_to | is_castling = 0
2021-10-26 10:17:24 DEBUG chesslib.c:183: g_move_to | is_castling = 0
2021-10-26 10:17:29 DEBUG chesslib.c:183: g_move_to | is_castling = 0
2021-10-26 10:17:32 DEBUG chesslib.c:183: g_move_to | is_castling = 0
2021-10-26 10:17:32 DEBUG chesslib.c:183: g_move_to | is_castling = 0
2021-10-26 10:17:40 DEBUG chesslib.c:183: g_move_to | is_castling = 0
2021-10-26 10:36:33 DEBUG chesslib.c:100: g_close_chess_lib
2021-10-26 10:38:33 DEBUG chesslib.c:87: g_init_chess_lib
2021-10-26 10:38:39 DEBUG chesslib.c:183: g_move_to | en_passant = 0
2021-10-26 10:38:39 DEBUG chesslib.c:184: g_move_to | is_castling = 0
2021-10-26 10:38:40 DEBUG chesslib.c:183: g_move_to | en_passant = 26
2021-10-26 10:38:40 DEBUG chesslib.c:184: g_move_to | is_castling = 0
2021-10-26 10:38:46 DEBUG chesslib.c:100: g_close_chess_lib
2021-10-26 10:42:12 DEBUG chesslib.c:87: g_init_chess_lib
2021-10-26 10:42:16 DEBUG chesslib.c:183: g_move_to | en_passant = 0
2021-10-26 10:42:16 DEBUG chesslib.c:184: g_move_to | is_castling = 0
2021-10-26 10:42:17 DEBUG chesslib.c:183: g_move_to | en_passant = 0
2021-10-26 10:42:17 DEBUG chesslib.c:184: g_move_to | is_castling = 0
2021-10-26 10:42:18 DEBUG chesslib.c:183: g_move_to | en_passant = 0
2021-10-26 10:42:18 DEBUG chesslib.c:184: g_move_to | is_castling = 0
2021-10-26 10:42:21 DEBUG chesslib.c:183: g_move_to | en_passant = 0
2021-10-26 10:42:21 DEBUG chesslib.c:184: g_move_to | is_castling = 0
2021-10-26 10:42:22 DEBUG chesslib.c:183: g_move_to | en_passant = 0
2021-10-26 10:42:22 DEBUG chesslib.c:184: g_move_to | is_castling = 0
2021-10-26 10:42:24 DEBUG chesslib.c:183: g_move_to | en_passant = 0
2021-10-26 10:42:24 DEBUG chesslib.c:184: g_move_to | is_castling = 0
2021-10-26 10:42:25 DEBUG chesslib.c:183: g_move_to | en_passant = 0
2021-10-26 10:42:25 DEBUG chesslib.c:184: g_move_to | is_castling = 1
2021-10-26 10:42:25 DEBUG chesslib.c:183: g_move_to | en_passant = 0
2021-10-26 10:42:25 DEBUG chesslib.c:184: g_move_to | is_castling = 1
2021-10-26 10:42:30 DEBUG chesslib.c:183: g_move_to | en_passant = 0
2021-10-26 10:42:30 DEBUG chesslib.c:184: g_move_to | is_castling = 0
2021-10-26 10:42:36 DEBUG chesslib.c:100: g_close_chess_lib
2021-10-26 10:44:51 DEBUG chesslib.c:87: g_init_chess_lib
2021-10-26 10:44:53 DEBUG chesslib.c:183: g_move_to | en_passant = 0
2021-10-26 10:44:53 DEBUG chesslib.c:184: g_move_to | is_castling = 0
2021-10-26 10:44:54 DEBUG chesslib.c:183: g_move_to | en_passant = 0
2021-10-26 10:44:54 DEBUG chesslib.c:184: g_move_to | is_castling = 0
2021-10-26 10:44:55 DEBUG chesslib.c:183: g_move_to | en_passant = 0
2021-10-26 10:44:55 DEBUG chesslib.c:184: g_move_to | is_castling = 0
2021-10-26 10:44:57 DEBUG chesslib.c:183: g_move_to | en_passant = 0
2021-10-26 10:44:57 DEBUG chesslib.c:184: g_move_to | is_castling = 0
2021-10-26 10:44:57 DEBUG chesslib.c:183: g_move_to | en_passant = 0
2021-10-26 10:44:57 DEBUG chesslib.c:184: g_move_to | is_castling = 0
2021-10-26 10:45:00 DEBUG chesslib.c:183: g_move_to | en_passant = 0
2021-10-26 10:45:00 DEBUG chesslib.c:184: g_move_to | is_castling = 0
2021-10-26 10:45:00 DEBUG chesslib.c:183: g_move_to | en_passant = 0
2021-10-26 10:45:00 DEBUG chesslib.c:184: g_move_to | is_castling = 0
2021-10-26 10:45:02 DEBUG chesslib.c:183: g_move_to | en_passant = 0
2021-10-26 10:45:02 DEBUG chesslib.c:184: g_move_to | is_castling = 0
2021-10-26 10:45:03 DEBUG chesslib.c:183: g_move_to | en_passant = 0
2021-10-26 10:45:03 DEBUG chesslib.c:184: g_move_to | is_castling = 0
2021-10-26 10:45:06 DEBUG chesslib.c:183: g_move_to | en_passant = 0
2021-10-26 10:45:06 DEBUG chesslib.c:184: g_move_to | is_castling = 0
2021-10-26 10:45:10 DEBUG chesslib.c:183: g_move_to | en_passant = 0
2021-10-26 10:45:10 DEBUG chesslib.c:184: g_move_to | is_castling = 1
2021-10-26 10:45:10 DEBUG chesslib.c:183: g_move_to | en_passant = 0
2021-10-26 10:45:10 DEBUG chesslib.c:184: g_move_to | is_castling = 1
2021-10-26 10:45:15 DEBUG chesslib.c:183: g_move_to | en_passant = 0
2021-10-26 10:45:15 DEBUG chesslib.c:184: g_move_to | is_castling = 0
2021-10-26 10:45:18 DEBUG chesslib.c:183: g_move_to | en_passant = 0
2021-10-26 10:45:18 DEBUG chesslib.c:184: g_move_to | is_castling = 0
2021-10-26 10:45:21 DEBUG chesslib.c:183: g_move_to | en_passant = 0
2021-10-26 10:45:21 DEBUG chesslib.c:184: g_move_to | is_castling = 0
2021-10-26 10:45:29 DEBUG chesslib.c:183: g_move_to | en_passant = 0
2021-10-26 10:45:29 DEBUG chesslib.c:184: g_move_to | is_castling = 0
2021-10-26 10:45:31 DEBUG chesslib.c:183: g_move_to | en_passant = 0
2021-10-26 10:45:31 DEBUG chesslib.c:184: g_move_to | is_castling = 0
2021-10-26 10:45:34 DEBUG chesslib.c:183: g_move_to | en_passant = 0
2021-10-26 10:45:34 DEBUG chesslib.c:184: g_move_to | is_castling = 0
2021-10-26 10:45:35 DEBUG chesslib.c:183: g_move_to | en_passant = 0
2021-10-26 10:45:35 DEBUG chesslib.c:184: g_move_to | is_castling = 0
2021-10-26 10:45:47 DEBUG chesslib.c:183: g_move_to | en_passant = 0
2021-10-26 10:45:47 DEBUG chesslib.c:184: g_move_to | is_castling = 0
2021-10-26 10:45:49 DEBUG chesslib.c:183: g_move_to | en_passant = 0
2021-10-26 10:45:49 DEBUG chesslib.c:184: g_move_to | is_castling = 0
2021-10-26 10:45:51 DEBUG chesslib.c:183: g_move_to | en_passant = 0
2021-10-26 10:45:51 DEBUG chesslib.c:184: g_move_to | is_castling = 0
2021-10-26 10:45:52 DEBUG chesslib.c:183: g_move_to | en_passant = 0
2021-10-26 10:45:52 DEBUG chesslib.c:184: g_move_to | is_castling = 0
2021-10-26 10:45:57 DEBUG chesslib.c:183: g_move_to | en_passant = 0
2021-10-26 10:45:57 DEBUG chesslib.c:184: g_move_to | is_castling = 0
2021-10-26 10:45:59 DEBUG chesslib.c:183: g_move_to | en_passant = 0
2021-10-26 10:45:59 DEBUG chesslib.c:184: g_move_to | is_castling = 0
2021-10-26 10:46:29 DEBUG chesslib.c:183: g_move_to | en_passant = 0
2021-10-26 10:46:29 DEBUG chesslib.c:184: g_move_to | is_castling = 0
2021-10-26 10:46:30 DEBUG chesslib.c:183: g_move_to | en_passant = 0
2021-10-26 10:46:30 DEBUG chesslib.c:184: g_move_to | is_castling = 0
2021-10-26 10:46:35 DEBUG chesslib.c:183: g_move_to | en_passant = 0
2021-10-26 10:46:35 DEBUG chesslib.c:184: g_move_to | is_castling = 0
2021-10-26 10:46:35 DEBUG chesslib.c:183: g_move_to | en_passant = 0
2021-10-26 10:46:35 DEBUG chesslib.c:184: g_move_to | is_castling = 0
2021-10-26 10:46:53 DEBUG chesslib.c:100: g_close_chess_lib
2021-10-26 12:37:02 DEBUG chesslib.c:87: g_init_chess_lib
2021-10-26 12:37:03 DEBUG chesslib.c:184: g_move_to | en_passant = 0
2021-10-26 12:37:03 DEBUG chesslib.c:185: g_move_to | is_castling = 0
2021-10-26 12:37:04 DEBUG chesslib.c:184: g_move_to | en_passant = 0
2021-10-26 12:37:04 DEBUG chesslib.c:185: g_move_to | is_castling = 0
2021-10-26 12:37:06 DEBUG chesslib.c:184: g_move_to | en_passant = 0
2021-10-26 12:37:06 DEBUG chesslib.c:185: g_move_to | is_castling = 0
2021-10-26 12:37:08 DEBUG chesslib.c:184: g_move_to | en_passant = 0
2021-10-26 12:37:08 DEBUG chesslib.c:185: g_move_to | is_castling = 0
2021-10-26 12:37:09 DEBUG chesslib.c:100: g_close_chess_lib
2021-10-26 12:39:57 DEBUG chesslib.c:87: g_init_chess_lib
2021-10-26 12:40:03 DEBUG chesslib.c:190: g_move_to | en_passant = 0
2021-10-26 12:40:03 DEBUG chesslib.c:191: g_move_to | is_castling = 0
2021-10-26 12:40:04 DEBUG chesslib.c:167: g_alpha_beta | 162537 -90 57 42 0 0 0.803000 
2021-10-26 12:40:04 DEBUG chesslib.c:190: g_move_to | en_passant = 0
2021-10-26 12:40:04 DEBUG chesslib.c:191: g_move_to | is_castling = 0
2021-10-26 12:40:23 DEBUG chesslib.c:190: g_move_to | en_passant = 0
2021-10-26 12:40:23 DEBUG chesslib.c:191: g_move_to | is_castling = 0
2021-10-26 12:40:25 DEBUG chesslib.c:167: g_alpha_beta | 224793 -155 52 36 0 0 1.122000 
2021-10-26 12:40:25 DEBUG chesslib.c:190: g_move_to | en_passant = 0
2021-10-26 12:40:25 DEBUG chesslib.c:191: g_move_to | is_castling = 0
2021-10-26 12:40:30 DEBUG chesslib.c:190: g_move_to | en_passant = 0
2021-10-26 12:40:30 DEBUG chesslib.c:191: g_move_to | is_castling = 0
2021-10-26 12:40:33 DEBUG chesslib.c:167: g_alpha_beta | 373160 -175 62 45 0 0 1.671000 
2021-10-26 12:40:33 DEBUG chesslib.c:190: g_move_to | en_passant = 0
2021-10-26 12:40:33 DEBUG chesslib.c:191: g_move_to | is_castling = 0
2021-10-26 12:40:34 DEBUG chesslib.c:190: g_move_to | en_passant = 0
2021-10-26 12:40:34 DEBUG chesslib.c:191: g_move_to | is_castling = 0
2021-10-26 12:40:36 DEBUG chesslib.c:167: g_alpha_beta | 325496 -205 61 25 0 0 1.381000 
2021-10-26 12:40:36 DEBUG chesslib.c:190: g_move_to | en_passant = 0
2021-10-26 12:40:36 DEBUG chesslib.c:191: g_move_to | is_castling = 0
2021-10-26 12:40:39 DEBUG chesslib.c:190: g_move_to | en_passant = 0
2021-10-26 12:40:39 DEBUG chesslib.c:191: g_move_to | is_castling = 0
2021-10-26 12:40:41 DEBUG chesslib.c:167: g_alpha_beta | 406555 -200 60 62 0 3 2.016000 
2021-10-26 12:40:41 DEBUG chesslib.c:190: g_move_to | en_passant = 0
2021-10-26 12:40:41 DEBUG chesslib.c:191: g_move_to | is_castling = 0
2021-10-26 12:40:44 DEBUG chesslib.c:190: g_move_to | en_passant = 0
2021-10-26 12:40:44 DEBUG chesslib.c:191: g_move_to | is_castling = 1
2021-10-26 12:40:44 DEBUG chesslib.c:190: g_move_to | en_passant = 0
2021-10-26 12:40:44 DEBUG chesslib.c:191: g_move_to | is_castling = 1
2021-10-26 12:40:47 DEBUG chesslib.c:167: g_alpha_beta | 357637 -220 51 35 0 0 1.752000 
2021-10-26 12:40:47 DEBUG chesslib.c:190: g_move_to | en_passant = 0
2021-10-26 12:40:47 DEBUG chesslib.c:191: g_move_to | is_castling = 0
2021-10-26 12:49:33 DEBUG chesslib.c:100: g_close_chess_lib
2021-10-26 12:49:36 DEBUG chesslib.c:87: g_init_chess_lib
2021-10-26 12:49:38 DEBUG chesslib.c:190: g_move_to | en_passant = 0
2021-10-26 12:49:38 DEBUG chesslib.c:191: g_move_to | is_castling = 0
2021-10-26 12:49:40 DEBUG chesslib.c:167: g_alpha_beta | 165214 -65 52 44 0 0 0.791000 
2021-10-26 12:49:40 DEBUG chesslib.c:190: g_move_to | en_passant = 0
2021-10-26 12:49:40 DEBUG chesslib.c:191: g_move_to | is_castling = 0
2021-10-26 12:49:43 DEBUG chesslib.c:190: g_move_to | en_passant = 0
2021-10-26 12:49:43 DEBUG chesslib.c:191: g_move_to | is_castling = 0
2021-10-26 12:49:46 DEBUG chesslib.c:167: g_alpha_beta | 581163 -165 59 45 0 0 2.324000 
2021-10-26 12:49:46 DEBUG chesslib.c:190: g_move_to | en_passant = 0
2021-10-26 12:49:46 DEBUG chesslib.c:191: g_move_to | is_castling = 0
2021-10-26 12:49:47 DEBUG chesslib.c:190: g_move_to | en_passant = 0
2021-10-26 12:49:47 DEBUG chesslib.c:191: g_move_to | is_castling = 0
2021-10-26 12:49:53 DEBUG chesslib.c:167: g_alpha_beta | 1044572 -205 51 35 0 0 4.863000 
2021-10-26 12:49:53 DEBUG chesslib.c:190: g_move_to | en_passant = 0
2021-10-26 12:49:53 DEBUG chesslib.c:191: g_move_to | is_castling = 0
2021-10-26 12:49:56 DEBUG chesslib.c:190: g_move_to | en_passant = 0
2021-10-26 12:49:56 DEBUG chesslib.c:191: g_move_to | is_castling = 1
2021-10-26 12:49:56 DEBUG chesslib.c:190: g_move_to | en_passant = 0
2021-10-26 12:49:56 DEBUG chesslib.c:191: g_move_to | is_castling = 1
2021-10-26 12:50:04 DEBUG chesslib.c:167: g_alpha_beta | 1499363 -185 57 42 0 0 7.047000 
2021-10-26 12:50:04 DEBUG chesslib.c:190: g_move_to | en_passant = 0
2021-10-26 12:50:04 DEBUG chesslib.c:191: g_move_to | is_castling = 0
2021-10-26 12:50:37 DEBUG chesslib.c:190: g_move_to | en_passant = 0
2021-10-26 12:50:37 DEBUG chesslib.c:191: g_move_to | is_castling = 0
2021-10-26 12:50:48 DEBUG chesslib.c:167: g_alpha_beta | 2284848 -180 44 36 0 0 9.531000 
2021-10-26 12:50:48 DEBUG chesslib.c:190: g_move_to | en_passant = 0
2021-10-26 12:50:48 DEBUG chesslib.c:191: g_move_to | is_castling = 0
2021-10-26 12:52:29 DEBUG chesslib.c:190: g_move_to | en_passant = 0
2021-10-26 12:52:29 DEBUG chesslib.c:191: g_move_to | is_castling = 0
2021-10-26 12:52:38 DEBUG chesslib.c:167: g_alpha_beta | 1720252 -315 58 30 0 0 8.181000 
2021-10-26 12:52:38 DEBUG chesslib.c:190: g_move_to | en_passant = 0
2021-10-26 12:52:38 DEBUG chesslib.c:191: g_move_to | is_castling = 0
2021-10-26 12:53:49 DEBUG chesslib.c:100: g_close_chess_lib
2021-10-26 12:54:00 DEBUG chesslib.c:87: g_init_chess_lib
2021-10-26 12:54:13 DEBUG chesslib.c:190: g_move_to | en_passant = 0
2021-10-26 12:54:13 DEBUG chesslib.c:191: g_move_to | is_castling = 0
2021-10-26 12:54:14 DEBUG chesslib.c:167: g_alpha_beta | 165214 -65 52 44 0 0 0.790000 
2021-10-26 12:54:14 DEBUG chesslib.c:190: g_move_to | en_passant = 0
2021-10-26 12:54:14 DEBUG chesslib.c:191: g_move_to | is_castling = 0
2021-10-26 12:54:18 DEBUG chesslib.c:190: g_move_to | en_passant = 0
2021-10-26 12:54:18 DEBUG chesslib.c:191: g_move_to | is_castling = 0
2021-10-26 12:54:22 DEBUG chesslib.c:167: g_alpha_beta | 581163 -165 59 45 0 0 2.419000 
2021-10-26 12:54:22 DEBUG chesslib.c:190: g_move_to | en_passant = 0
2021-10-26 12:54:22 DEBUG chesslib.c:191: g_move_to | is_castling = 0
2021-10-26 12:54:25 DEBUG chesslib.c:190: g_move_to | en_passant = 0
2021-10-26 12:54:25 DEBUG chesslib.c:191: g_move_to | is_castling = 0
2021-10-26 12:54:30 DEBUG chesslib.c:167: g_alpha_beta | 1044572 -205 51 35 0 0 4.921000 
2021-10-26 12:54:30 DEBUG chesslib.c:190: g_move_to | en_passant = 0
2021-10-26 12:54:30 DEBUG chesslib.c:191: g_move_to | is_castling = 0
2021-10-26 12:54:33 DEBUG chesslib.c:190: g_move_to | en_passant = 0
2021-10-26 12:54:33 DEBUG chesslib.c:191: g_move_to | is_castling = 1
2021-10-26 12:54:33 DEBUG chesslib.c:190: g_move_to | en_passant = 0
2021-10-26 12:54:33 DEBUG chesslib.c:191: g_move_to | is_castling = 1
2021-10-26 12:54:41 DEBUG chesslib.c:167: g_alpha_beta | 1499363 -185 57 42 0 0 6.958000 
2021-10-26 12:54:41 DEBUG chesslib.c:190: g_move_to | en_passant = 0
2021-10-26 12:54:41 DEBUG chesslib.c:191: g_move_to | is_castling = 0
2021-10-26 12:58:15 DEBUG chesslib.c:190: g_move_to | en_passant = 0
2021-10-26 12:58:15 DEBUG chesslib.c:191: g_move_to | is_castling = 0
2021-10-26 12:58:24 DEBUG chesslib.c:167: g_alpha_beta | 2209115 -200 44 36 0 0 8.934000 
2021-10-26 12:58:24 DEBUG chesslib.c:190: g_move_to | en_passant = 0
2021-10-26 12:58:24 DEBUG chesslib.c:191: g_move_to | is_castling = 0
2021-10-26 13:00:22 DEBUG chesslib.c:100: g_close_chess_lib
2021-10-26 13:00:34 DEBUG chesslib.c:87: g_init_chess_lib
2021-10-26 13:00:39 DEBUG chesslib.c:190: g_move_to | en_passant = 0
2021-10-26 13:00:39 DEBUG chesslib.c:191: g_move_to | is_castling = 0
2021-10-26 13:00:39 DEBUG chesslib.c:192: g_move_to | global castling = 0-0
2021-10-26 13:00:40 DEBUG chesslib.c:167: g_alpha_beta | 165214 -65 52 44 0 0 0.773000 
2021-10-26 13:00:40 DEBUG chesslib.c:190: g_move_to | en_passant = 0
2021-10-26 13:00:40 DEBUG chesslib.c:191: g_move_to | is_castling = 0
2021-10-26 13:00:40 DEBUG chesslib.c:192: g_move_to | global castling = 0-0
2021-10-26 13:00:44 DEBUG chesslib.c:190: g_move_to | en_passant = 0
2021-10-26 13:00:44 DEBUG chesslib.c:191: g_move_to | is_castling = 0
2021-10-26 13:00:44 DEBUG chesslib.c:192: g_move_to | global castling = 0-0
2021-10-26 13:00:47 DEBUG chesslib.c:167: g_alpha_beta | 581163 -165 59 45 0 0 2.320000 
2021-10-26 13:00:47 DEBUG chesslib.c:190: g_move_to | en_passant = 0
2021-10-26 13:00:47 DEBUG chesslib.c:191: g_move_to | is_castling = 0
2021-10-26 13:00:47 DEBUG chesslib.c:192: g_move_to | global castling = 0-0
2021-10-26 13:00:48 DEBUG chesslib.c:190: g_move_to | en_passant = 0
2021-10-26 13:00:48 DEBUG chesslib.c:191: g_move_to | is_castling = 0
2021-10-26 13:00:48 DEBUG chesslib.c:192: g_move_to | global castling = 0-0
2021-10-26 13:00:53 DEBUG chesslib.c:167: g_alpha_beta | 1044572 -205 51 35 0 0 4.759000 
2021-10-26 13:00:53 DEBUG chesslib.c:190: g_move_to | en_passant = 0
2021-10-26 13:00:53 DEBUG chesslib.c:191: g_move_to | is_castling = 0
2021-10-26 13:00:53 DEBUG chesslib.c:192: g_move_to | global castling = 0-0
2021-10-26 13:00:56 DEBUG chesslib.c:190: g_move_to | en_passant = 0
2021-10-26 13:00:56 DEBUG chesslib.c:191: g_move_to | is_castling = 1
2021-10-26 13:00:56 DEBUG chesslib.c:192: g_move_to | global castling = 0-0
2021-10-26 13:00:56 DEBUG chesslib.c:190: g_move_to | en_passant = 0
2021-10-26 13:00:56 DEBUG chesslib.c:191: g_move_to | is_castling = 1
2021-10-26 13:00:56 DEBUG chesslib.c:192: g_move_to | global castling = 0-1
2021-10-26 13:01:03 DEBUG chesslib.c:167: g_alpha_beta | 1499363 -185 57 42 0 0 6.898000 
2021-10-26 13:01:03 DEBUG chesslib.c:190: g_move_to | en_passant = 0
2021-10-26 13:01:03 DEBUG chesslib.c:191: g_move_to | is_castling = 0
2021-10-26 13:01:03 DEBUG chesslib.c:192: g_move_to | global castling = 0-1
2021-10-26 13:01:26 DEBUG chesslib.c:100: g_close_chess_lib
2021-10-26 13:02:36 DEBUG chesslib.c:87: g_init_chess_lib
2021-10-26 13:02:40 DEBUG chesslib.c:190: g_move_to | en_passant = 0
2021-10-26 13:02:40 DEBUG chesslib.c:191: g_move_to | is_castling = 0
2021-10-26 13:02:40 DEBUG chesslib.c:192: g_move_to | global castling = 0-0
2021-10-26 13:02:41 DEBUG chesslib.c:167: g_alpha_beta | 165214 -65 52 44 0 0 0.836000 
2021-10-26 13:02:41 DEBUG chesslib.c:190: g_move_to | en_passant = 0
2021-10-26 13:02:41 DEBUG chesslib.c:191: g_move_to | is_castling = 0
2021-10-26 13:02:41 DEBUG chesslib.c:192: g_move_to | global castling = 0-0
2021-10-26 13:02:45 DEBUG chesslib.c:190: g_move_to | en_passant = 0
2021-10-26 13:02:45 DEBUG chesslib.c:191: g_move_to | is_castling = 0
2021-10-26 13:02:45 DEBUG chesslib.c:192: g_move_to | global castling = 0-0
2021-10-26 13:02:48 DEBUG chesslib.c:167: g_alpha_beta | 581163 -165 59 45 0 0 2.280000 
2021-10-26 13:02:48 DEBUG chesslib.c:190: g_move_to | en_passant = 0
2021-10-26 13:02:48 DEBUG chesslib.c:191: g_move_to | is_castling = 0
2021-10-26 13:02:48 DEBUG chesslib.c:192: g_move_to | global castling = 0-0
2021-10-26 13:02:50 DEBUG chesslib.c:190: g_move_to | en_passant = 0
2021-10-26 13:02:50 DEBUG chesslib.c:191: g_move_to | is_castling = 0
2021-10-26 13:02:50 DEBUG chesslib.c:192: g_move_to | global castling = 0-0
2021-10-26 13:02:55 DEBUG chesslib.c:167: g_alpha_beta | 1044572 -205 51 35 0 0 4.764000 
2021-10-26 13:02:55 DEBUG chesslib.c:190: g_move_to | en_passant = 0
2021-10-26 13:02:55 DEBUG chesslib.c:191: g_move_to | is_castling = 0
2021-10-26 13:02:55 DEBUG chesslib.c:192: g_move_to | global castling = 0-0
2021-10-26 13:02:59 DEBUG chesslib.c:190: g_move_to | en_passant = 0
2021-10-26 13:02:59 DEBUG chesslib.c:191: g_move_to | is_castling = 1
2021-10-26 13:02:59 DEBUG chesslib.c:192: g_move_to | global castling = 0-0
2021-10-26 13:02:59 DEBUG chesslib.c:200: g_move_to | set castling[1]=1
2021-10-26 13:02:59 DEBUG chesslib.c:190: g_move_to | en_passant = 0
2021-10-26 13:02:59 DEBUG chesslib.c:191: g_move_to | is_castling = 1
2021-10-26 13:02:59 DEBUG chesslib.c:192: g_move_to | global castling = 0-1
2021-10-26 13:02:59 DEBUG chesslib.c:200: g_move_to | set castling[1]=1
2021-10-26 13:03:06 DEBUG chesslib.c:167: g_alpha_beta | 1499363 -185 57 42 0 0 7.021000 
2021-10-26 13:03:06 DEBUG chesslib.c:190: g_move_to | en_passant = 0
2021-10-26 13:03:06 DEBUG chesslib.c:191: g_move_to | is_castling = 0
2021-10-26 13:03:06 DEBUG chesslib.c:192: g_move_to | global castling = 0-1
2021-10-26 13:03:36 DEBUG chesslib.c:100: g_close_chess_lib
2021-10-26 13:06:23 DEBUG chesslib.c:87: g_init_chess_lib
2021-10-26 13:06:34 DEBUG chesslib.c:191: g_move_to | en_passant = 0
2021-10-26 13:06:34 DEBUG chesslib.c:192: g_move_to | is_castling = 0
2021-10-26 13:06:34 DEBUG chesslib.c:193: g_move_to | global castling = 0-0
2021-10-26 13:06:35 DEBUG chesslib.c:167: g_alpha_beta | 165214 -65 52 44 0 0 0.773000 
2021-10-26 13:06:35 DEBUG chesslib.c:191: g_move_to | en_passant = 0
2021-10-26 13:06:35 DEBUG chesslib.c:192: g_move_to | is_castling = 0
2021-10-26 13:06:35 DEBUG chesslib.c:193: g_move_to | global castling = 0-0
2021-10-26 13:06:40 DEBUG chesslib.c:100: g_close_chess_lib
2021-10-26 13:07:12 DEBUG chesslib.c:87: g_init_chess_lib
2021-10-26 13:07:14 DEBUG chesslib.c:191: g_move_to | color = 0
2021-10-26 13:07:14 DEBUG chesslib.c:192: g_move_to | en_passant = 0
2021-10-26 13:07:14 DEBUG chesslib.c:193: g_move_to | is_castling = 0
2021-10-26 13:07:14 DEBUG chesslib.c:194: g_move_to | global castling = 0-0
2021-10-26 13:07:15 DEBUG chesslib.c:167: g_alpha_beta | 165214 -65 52 44 0 0 0.781000 
2021-10-26 13:07:15 DEBUG chesslib.c:191: g_move_to | color = 1
2021-10-26 13:07:15 DEBUG chesslib.c:192: g_move_to | en_passant = 0
2021-10-26 13:07:15 DEBUG chesslib.c:193: g_move_to | is_castling = 0
2021-10-26 13:07:15 DEBUG chesslib.c:194: g_move_to | global castling = 0-0
2021-10-26 13:07:16 DEBUG chesslib.c:191: g_move_to | color = 0
2021-10-26 13:07:16 DEBUG chesslib.c:192: g_move_to | en_passant = 0
2021-10-26 13:07:16 DEBUG chesslib.c:193: g_move_to | is_castling = 0
2021-10-26 13:07:16 DEBUG chesslib.c:194: g_move_to | global castling = 0-0
2021-10-26 13:07:19 DEBUG chesslib.c:167: g_alpha_beta | 581163 -165 59 45 0 0 2.417000 
2021-10-26 13:07:19 DEBUG chesslib.c:191: g_move_to | color = 1
2021-10-26 13:07:19 DEBUG chesslib.c:192: g_move_to | en_passant = 0
2021-10-26 13:07:19 DEBUG chesslib.c:193: g_move_to | is_castling = 0
2021-10-26 13:07:19 DEBUG chesslib.c:194: g_move_to | global castling = 0-0
2021-10-26 13:07:25 DEBUG chesslib.c:191: g_move_to | color = 0
2021-10-26 13:07:25 DEBUG chesslib.c:192: g_move_to | en_passant = 0
2021-10-26 13:07:25 DEBUG chesslib.c:193: g_move_to | is_castling = 0
2021-10-26 13:07:25 DEBUG chesslib.c:194: g_move_to | global castling = 0-0
2021-10-26 13:07:31 DEBUG chesslib.c:167: g_alpha_beta | 1044572 -205 51 35 0 0 4.899000 
2021-10-26 13:07:31 DEBUG chesslib.c:191: g_move_to | color = 1
2021-10-26 13:07:31 DEBUG chesslib.c:192: g_move_to | en_passant = 0
2021-10-26 13:07:31 DEBUG chesslib.c:193: g_move_to | is_castling = 0
2021-10-26 13:07:31 DEBUG chesslib.c:194: g_move_to | global castling = 0-0
2021-10-26 13:07:43 DEBUG chesslib.c:191: g_move_to | color = 0
2021-10-26 13:07:43 DEBUG chesslib.c:192: g_move_to | en_passant = 0
2021-10-26 13:07:43 DEBUG chesslib.c:193: g_move_to | is_castling = 1
2021-10-26 13:07:43 DEBUG chesslib.c:194: g_move_to | global castling = 0-0
2021-10-26 13:07:43 DEBUG chesslib.c:202: g_move_to | set castling[0]=1
2021-10-26 13:07:43 DEBUG chesslib.c:191: g_move_to | color = 0
2021-10-26 13:07:43 DEBUG chesslib.c:192: g_move_to | en_passant = 0
2021-10-26 13:07:43 DEBUG chesslib.c:193: g_move_to | is_castling = 1
2021-10-26 13:07:43 DEBUG chesslib.c:194: g_move_to | global castling = 1-0
2021-10-26 13:07:43 DEBUG chesslib.c:202: g_move_to | set castling[0]=1
2021-10-26 13:07:51 DEBUG chesslib.c:167: g_alpha_beta | 1499363 -185 57 42 0 0 6.981000 
2021-10-26 13:07:51 DEBUG chesslib.c:191: g_move_to | color = 1
2021-10-26 13:07:51 DEBUG chesslib.c:192: g_move_to | en_passant = 0
2021-10-26 13:07:51 DEBUG chesslib.c:193: g_move_to | is_castling = 0
2021-10-26 13:07:51 DEBUG chesslib.c:194: g_move_to | global castling = 1-0
2021-10-26 13:08:22 DEBUG chesslib.c:191: g_move_to | color = 0
2021-10-26 13:08:22 DEBUG chesslib.c:192: g_move_to | en_passant = 0
2021-10-26 13:08:22 DEBUG chesslib.c:193: g_move_to | is_castling = 0
2021-10-26 13:08:22 DEBUG chesslib.c:194: g_move_to | global castling = 1-0
2021-10-26 13:08:32 DEBUG chesslib.c:167: g_alpha_beta | 2252051 -205 44 36 0 0 9.255000 
2021-10-26 13:08:32 DEBUG chesslib.c:191: g_move_to | color = 1
2021-10-26 13:08:32 DEBUG chesslib.c:192: g_move_to | en_passant = 0
2021-10-26 13:08:32 DEBUG chesslib.c:193: g_move_to | is_castling = 0
2021-10-26 13:08:32 DEBUG chesslib.c:194: g_move_to | global castling = 1-0
2021-10-26 13:08:50 DEBUG chesslib.c:191: g_move_to | color = 0
2021-10-26 13:08:50 DEBUG chesslib.c:192: g_move_to | en_passant = 0
2021-10-26 13:08:50 DEBUG chesslib.c:193: g_move_to | is_castling = 0
2021-10-26 13:08:50 DEBUG chesslib.c:194: g_move_to | global castling = 1-0
2021-10-26 13:08:56 DEBUG chesslib.c:167: g_alpha_beta | 1239532 -340 58 30 0 0 5.222000 
2021-10-26 13:08:56 DEBUG chesslib.c:191: g_move_to | color = 1
2021-10-26 13:08:56 DEBUG chesslib.c:192: g_move_to | en_passant = 0
2021-10-26 13:08:56 DEBUG chesslib.c:193: g_move_to | is_castling = 0
2021-10-26 13:08:56 DEBUG chesslib.c:194: g_move_to | global castling = 1-0
2021-10-26 13:09:02 DEBUG chesslib.c:191: g_move_to | color = 0
2021-10-26 13:09:02 DEBUG chesslib.c:192: g_move_to | en_passant = 0
2021-10-26 13:09:02 DEBUG chesslib.c:193: g_move_to | is_castling = 0
2021-10-26 13:09:02 DEBUG chesslib.c:194: g_move_to | global castling = 1-0
2021-10-26 13:09:04 DEBUG chesslib.c:167: g_alpha_beta | 297994 -455 36 28 0 0 1.308000 
2021-10-26 13:09:04 DEBUG chesslib.c:191: g_move_to | color = 1
2021-10-26 13:09:04 DEBUG chesslib.c:192: g_move_to | en_passant = 0
2021-10-26 13:09:04 DEBUG chesslib.c:193: g_move_to | is_castling = 0
2021-10-26 13:09:04 DEBUG chesslib.c:194: g_move_to | global castling = 1-0
2021-10-26 13:09:17 DEBUG chesslib.c:191: g_move_to | color = 0
2021-10-26 13:09:17 DEBUG chesslib.c:192: g_move_to | en_passant = 0
2021-10-26 13:09:17 DEBUG chesslib.c:193: g_move_to | is_castling = 0
2021-10-26 13:09:17 DEBUG chesslib.c:194: g_move_to | global castling = 1-0
2021-10-26 13:09:19 DEBUG chesslib.c:167: g_alpha_beta | 367831 -730 30 3 0 0 1.011000 
2021-10-26 13:09:19 DEBUG chesslib.c:191: g_move_to | color = 1
2021-10-26 13:09:19 DEBUG chesslib.c:192: g_move_to | en_passant = 0
2021-10-26 13:09:19 DEBUG chesslib.c:193: g_move_to | is_castling = 0
2021-10-26 13:09:19 DEBUG chesslib.c:194: g_move_to | global castling = 1-0
2021-10-26 13:09:29 DEBUG chesslib.c:100: g_close_chess_lib
2021-10-26 13:15:20 DEBUG chesslib.c:87: g_init_chess_lib
2021-10-26 13:15:22 DEBUG chesslib.c:195: g_move_to | color = 0
2021-10-26 13:15:22 DEBUG chesslib.c:196: g_move_to | en_passant = 0
2021-10-26 13:15:22 DEBUG chesslib.c:197: g_move_to | is_castling = 0
2021-10-26 13:15:22 DEBUG chesslib.c:198: g_move_to | global castling = 0-0
2021-10-26 13:15:23 DEBUG chesslib.c:152: g_alpha_beta | 1 5 
2021-10-26 13:15:24 DEBUG chesslib.c:171: g_alpha_beta | 165214 -65 52 44 0 0 0.812000 
2021-10-26 13:15:24 DEBUG chesslib.c:195: g_move_to | color = 1
2021-10-26 13:15:24 DEBUG chesslib.c:196: g_move_to | en_passant = 0
2021-10-26 13:15:24 DEBUG chesslib.c:197: g_move_to | is_castling = 0
2021-10-26 13:15:24 DEBUG chesslib.c:198: g_move_to | global castling = 0-0
2021-10-26 13:15:27 DEBUG chesslib.c:195: g_move_to | color = 0
2021-10-26 13:15:27 DEBUG chesslib.c:196: g_move_to | en_passant = 0
2021-10-26 13:15:27 DEBUG chesslib.c:197: g_move_to | is_castling = 0
2021-10-26 13:15:27 DEBUG chesslib.c:198: g_move_to | global castling = 0-0
2021-10-26 13:15:28 DEBUG chesslib.c:152: g_alpha_beta | 1 5 
2021-10-26 13:15:30 DEBUG chesslib.c:171: g_alpha_beta | 581163 -165 59 45 0 0 2.348000 
2021-10-26 13:15:30 DEBUG chesslib.c:195: g_move_to | color = 1
2021-10-26 13:15:30 DEBUG chesslib.c:196: g_move_to | en_passant = 0
2021-10-26 13:15:30 DEBUG chesslib.c:197: g_move_to | is_castling = 0
2021-10-26 13:15:30 DEBUG chesslib.c:198: g_move_to | global castling = 0-0
2021-10-26 13:15:32 DEBUG chesslib.c:195: g_move_to | color = 0
2021-10-26 13:15:32 DEBUG chesslib.c:196: g_move_to | en_passant = 0
2021-10-26 13:15:32 DEBUG chesslib.c:197: g_move_to | is_castling = 0
2021-10-26 13:15:32 DEBUG chesslib.c:198: g_move_to | global castling = 0-0
2021-10-26 13:15:32 DEBUG chesslib.c:152: g_alpha_beta | 1 5 
2021-10-26 13:15:37 DEBUG chesslib.c:171: g_alpha_beta | 1044572 -205 51 35 0 0 4.935000 
2021-10-26 13:15:37 DEBUG chesslib.c:195: g_move_to | color = 1
2021-10-26 13:15:37 DEBUG chesslib.c:196: g_move_to | en_passant = 0
2021-10-26 13:15:37 DEBUG chesslib.c:197: g_move_to | is_castling = 0
2021-10-26 13:15:37 DEBUG chesslib.c:198: g_move_to | global castling = 0-0
2021-10-26 13:15:39 DEBUG chesslib.c:195: g_move_to | color = 0
2021-10-26 13:15:39 DEBUG chesslib.c:196: g_move_to | en_passant = 0
2021-10-26 13:15:39 DEBUG chesslib.c:197: g_move_to | is_castling = 1
2021-10-26 13:15:39 DEBUG chesslib.c:198: g_move_to | global castling = 0-0
2021-10-26 13:15:39 DEBUG chesslib.c:206: g_move_to | set castling[0]=1
2021-10-26 13:15:39 DEBUG chesslib.c:195: g_move_to | color = 0
2021-10-26 13:15:39 DEBUG chesslib.c:196: g_move_to | en_passant = 0
2021-10-26 13:15:39 DEBUG chesslib.c:197: g_move_to | is_castling = 1
2021-10-26 13:15:39 DEBUG chesslib.c:198: g_move_to | global castling = 1-0
2021-10-26 13:15:39 DEBUG chesslib.c:206: g_move_to | set castling[0]=1
2021-10-26 13:15:40 DEBUG chesslib.c:152: g_alpha_beta | 1 5 
2021-10-26 13:15:47 DEBUG chesslib.c:171: g_alpha_beta | 1499363 -185 57 42 0 0 7.194000 
2021-10-26 13:15:47 DEBUG chesslib.c:195: g_move_to | color = 1
2021-10-26 13:15:47 DEBUG chesslib.c:196: g_move_to | en_passant = 0
2021-10-26 13:15:47 DEBUG chesslib.c:197: g_move_to | is_castling = 0
2021-10-26 13:15:47 DEBUG chesslib.c:198: g_move_to | global castling = 1-0
2021-10-26 13:15:51 DEBUG chesslib.c:100: g_close_chess_lib
2021-10-26 13:20:05 DEBUG chesslib.c:87: g_init_chess_lib
2021-10-26 13:20:14 DEBUG chesslib.c:195: g_move_to | color = 0
2021-10-26 13:20:14 DEBUG chesslib.c:196: g_move_to | en_passant = 0
2021-10-26 13:20:14 DEBUG chesslib.c:197: g_move_to | is_castling = 0
2021-10-26 13:20:14 DEBUG chesslib.c:198: g_move_to | global castling = 0-0
2021-10-26 13:20:15 DEBUG chesslib.c:152: g_alpha_beta | 1 5 
2021-10-26 13:20:15 DEBUG chesslib.c:171: g_alpha_beta | 108364 -125 52 36 0 0 0.485000 
2021-10-26 13:20:15 DEBUG chesslib.c:195: g_move_to | color = 1
2021-10-26 13:20:15 DEBUG chesslib.c:196: g_move_to | en_passant = 0
2021-10-26 13:20:15 DEBUG chesslib.c:197: g_move_to | is_castling = 0
2021-10-26 13:20:15 DEBUG chesslib.c:198: g_move_to | global castling = 0-0
2021-10-26 13:20:22 DEBUG chesslib.c:87: g_init_chess_lib
2021-10-26 13:20:24 DEBUG chesslib.c:195: g_move_to | color = 0
2021-10-26 13:20:24 DEBUG chesslib.c:196: g_move_to | en_passant = 0
2021-10-26 13:20:24 DEBUG chesslib.c:197: g_move_to | is_castling = 0
2021-10-26 13:20:24 DEBUG chesslib.c:198: g_move_to | global castling = 0-0
2021-10-26 13:20:24 DEBUG chesslib.c:152: g_alpha_beta | 1 5 
2021-10-26 13:20:25 DEBUG chesslib.c:171: g_alpha_beta | 165214 -65 52 44 0 0 0.795000 
2021-10-26 13:20:25 DEBUG chesslib.c:195: g_move_to | color = 1
2021-10-26 13:20:25 DEBUG chesslib.c:196: g_move_to | en_passant = 0
2021-10-26 13:20:25 DEBUG chesslib.c:197: g_move_to | is_castling = 0
2021-10-26 13:20:25 DEBUG chesslib.c:198: g_move_to | global castling = 0-0
2021-10-26 13:20:26 DEBUG chesslib.c:195: g_move_to | color = 0
2021-10-26 13:20:26 DEBUG chesslib.c:196: g_move_to | en_passant = 0
2021-10-26 13:20:26 DEBUG chesslib.c:197: g_move_to | is_castling = 0
2021-10-26 13:20:26 DEBUG chesslib.c:198: g_move_to | global castling = 0-0
2021-10-26 13:20:27 DEBUG chesslib.c:152: g_alpha_beta | 1 5 
2021-10-26 13:20:29 DEBUG chesslib.c:171: g_alpha_beta | 581163 -165 59 45 0 0 2.350000 
2021-10-26 13:20:29 DEBUG chesslib.c:195: g_move_to | color = 1
2021-10-26 13:20:29 DEBUG chesslib.c:196: g_move_to | en_passant = 0
2021-10-26 13:20:29 DEBUG chesslib.c:197: g_move_to | is_castling = 0
2021-10-26 13:20:29 DEBUG chesslib.c:198: g_move_to | global castling = 0-0
2021-10-26 13:20:30 DEBUG chesslib.c:195: g_move_to | color = 0
2021-10-26 13:20:30 DEBUG chesslib.c:196: g_move_to | en_passant = 0
2021-10-26 13:20:30 DEBUG chesslib.c:197: g_move_to | is_castling = 0
2021-10-26 13:20:30 DEBUG chesslib.c:198: g_move_to | global castling = 0-0
2021-10-26 13:20:31 DEBUG chesslib.c:152: g_alpha_beta | 1 5 
2021-10-26 13:20:36 DEBUG chesslib.c:171: g_alpha_beta | 1044572 -205 51 35 0 0 4.922000 
2021-10-26 13:20:36 DEBUG chesslib.c:195: g_move_to | color = 1
2021-10-26 13:20:36 DEBUG chesslib.c:196: g_move_to | en_passant = 0
2021-10-26 13:20:36 DEBUG chesslib.c:197: g_move_to | is_castling = 0
2021-10-26 13:20:36 DEBUG chesslib.c:198: g_move_to | global castling = 0-0
2021-10-26 13:20:43 DEBUG chesslib.c:195: g_move_to | color = 0
2021-10-26 13:20:43 DEBUG chesslib.c:196: g_move_to | en_passant = 0
2021-10-26 13:20:43 DEBUG chesslib.c:197: g_move_to | is_castling = 0
2021-10-26 13:20:43 DEBUG chesslib.c:198: g_move_to | global castling = 0-0
2021-10-26 13:20:44 DEBUG chesslib.c:152: g_alpha_beta | 1 5 
2021-10-26 13:20:54 DEBUG chesslib.c:171: g_alpha_beta | 1804639 -200 58 51 0 0 9.947000 
2021-10-26 13:20:54 DEBUG chesslib.c:195: g_move_to | color = 1
2021-10-26 13:20:54 DEBUG chesslib.c:196: g_move_to | en_passant = 0
2021-10-26 13:20:54 DEBUG chesslib.c:197: g_move_to | is_castling = 0
2021-10-26 13:20:54 DEBUG chesslib.c:198: g_move_to | global castling = 0-0
2021-10-26 13:21:02 DEBUG chesslib.c:195: g_move_to | color = 0
2021-10-26 13:21:02 DEBUG chesslib.c:196: g_move_to | en_passant = 0
2021-10-26 13:21:02 DEBUG chesslib.c:197: g_move_to | is_castling = 0
2021-10-26 13:21:02 DEBUG chesslib.c:198: g_move_to | global castling = 0-0
2021-10-26 13:21:03 DEBUG chesslib.c:152: g_alpha_beta | 1 5 
2021-10-26 13:21:05 DEBUG chesslib.c:171: g_alpha_beta | 619862 -230 35 28 0 0 2.624000 
2021-10-26 13:21:05 DEBUG chesslib.c:195: g_move_to | color = 1
2021-10-26 13:21:05 DEBUG chesslib.c:196: g_move_to | en_passant = 0
2021-10-26 13:21:05 DEBUG chesslib.c:197: g_move_to | is_castling = 0
2021-10-26 13:21:05 DEBUG chesslib.c:198: g_move_to | global castling = 0-0
2021-10-26 13:21:08 DEBUG chesslib.c:195: g_move_to | color = 0
2021-10-26 13:21:08 DEBUG chesslib.c:196: g_move_to | en_passant = 0
2021-10-26 13:21:08 DEBUG chesslib.c:197: g_move_to | is_castling = 0
2021-10-26 13:21:08 DEBUG chesslib.c:198: g_move_to | global castling = 0-0
2021-10-26 13:21:08 DEBUG chesslib.c:152: g_alpha_beta | 1 5 
2021-10-26 13:21:14 DEBUG chesslib.c:171: g_alpha_beta | 1177803 -170 45 37 0 0 6.010000 
2021-10-26 13:21:14 DEBUG chesslib.c:195: g_move_to | color = 1
2021-10-26 13:21:14 DEBUG chesslib.c:196: g_move_to | en_passant = 0
2021-10-26 13:21:14 DEBUG chesslib.c:197: g_move_to | is_castling = 0
2021-10-26 13:21:14 DEBUG chesslib.c:198: g_move_to | global castling = 0-0
2021-10-26 13:21:27 DEBUG chesslib.c:195: g_move_to | color = 0
2021-10-26 13:21:27 DEBUG chesslib.c:196: g_move_to | en_passant = 0
2021-10-26 13:21:27 DEBUG chesslib.c:197: g_move_to | is_castling = 0
2021-10-26 13:21:27 DEBUG chesslib.c:198: g_move_to | global castling = 0-0
2021-10-26 13:21:28 DEBUG chesslib.c:152: g_alpha_beta | 1 5 
2021-10-26 13:21:32 DEBUG chesslib.c:171: g_alpha_beta | 891667 -570 61 34 0 0 3.476000 
2021-10-26 13:21:32 DEBUG chesslib.c:195: g_move_to | color = 1
2021-10-26 13:21:32 DEBUG chesslib.c:196: g_move_to | en_passant = 0
2021-10-26 13:21:32 DEBUG chesslib.c:197: g_move_to | is_castling = 0
2021-10-26 13:21:32 DEBUG chesslib.c:198: g_move_to | global castling = 0-0
2021-10-26 13:21:34 DEBUG chesslib.c:195: g_move_to | color = 0
2021-10-26 13:21:34 DEBUG chesslib.c:196: g_move_to | en_passant = 0
2021-10-26 13:21:34 DEBUG chesslib.c:197: g_move_to | is_castling = 1
2021-10-26 13:21:34 DEBUG chesslib.c:198: g_move_to | global castling = 0-0
2021-10-26 13:21:34 DEBUG chesslib.c:206: g_move_to | set castling[0]=1
2021-10-26 13:21:34 DEBUG chesslib.c:195: g_move_to | color = 0
2021-10-26 13:21:34 DEBUG chesslib.c:196: g_move_to | en_passant = 0
2021-10-26 13:21:34 DEBUG chesslib.c:197: g_move_to | is_castling = 1
2021-10-26 13:21:34 DEBUG chesslib.c:198: g_move_to | global castling = 1-0
2021-10-26 13:21:34 DEBUG chesslib.c:206: g_move_to | set castling[0]=1
2021-10-26 13:21:34 DEBUG chesslib.c:152: g_alpha_beta | 1 5 
2021-10-26 13:21:38 DEBUG chesslib.c:171: g_alpha_beta | 817492 -590 37 30 0 0 3.522000 
2021-10-26 13:21:38 DEBUG chesslib.c:195: g_move_to | color = 1
2021-10-26 13:21:38 DEBUG chesslib.c:196: g_move_to | en_passant = 0
2021-10-26 13:21:38 DEBUG chesslib.c:197: g_move_to | is_castling = 0
2021-10-26 13:21:38 DEBUG chesslib.c:198: g_move_to | global castling = 1-0
2021-10-26 13:21:53 DEBUG chesslib.c:195: g_move_to | color = 0
2021-10-26 13:21:53 DEBUG chesslib.c:196: g_move_to | en_passant = 0
2021-10-26 13:21:53 DEBUG chesslib.c:197: g_move_to | is_castling = 0
2021-10-26 13:21:53 DEBUG chesslib.c:198: g_move_to | global castling = 1-0
2021-10-26 13:21:53 DEBUG chesslib.c:152: g_alpha_beta | 1 5 
2021-10-26 13:22:02 DEBUG chesslib.c:171: g_alpha_beta | 1810682 -620 62 45 0 0 8.557000 
2021-10-26 13:22:02 DEBUG chesslib.c:195: g_move_to | color = 1
2021-10-26 13:22:02 DEBUG chesslib.c:196: g_move_to | en_passant = 0
2021-10-26 13:22:02 DEBUG chesslib.c:197: g_move_to | is_castling = 0
2021-10-26 13:22:02 DEBUG chesslib.c:198: g_move_to | global castling = 1-0
2021-10-26 13:22:05 DEBUG chesslib.c:195: g_move_to | color = 0
2021-10-26 13:22:05 DEBUG chesslib.c:196: g_move_to | en_passant = 0
2021-10-26 13:22:05 DEBUG chesslib.c:197: g_move_to | is_castling = 0
2021-10-26 13:22:05 DEBUG chesslib.c:198: g_move_to | global castling = 1-0
2021-10-26 13:22:06 DEBUG chesslib.c:152: g_alpha_beta | 1 5 
2021-10-26 13:22:17 DEBUG chesslib.c:171: g_alpha_beta | 1898104 -405 34 25 0 0 11.140000 
2021-10-26 13:22:17 DEBUG chesslib.c:195: g_move_to | color = 1
2021-10-26 13:22:17 DEBUG chesslib.c:196: g_move_to | en_passant = 0
2021-10-26 13:22:17 DEBUG chesslib.c:197: g_move_to | is_castling = 0
2021-10-26 13:22:17 DEBUG chesslib.c:198: g_move_to | global castling = 1-0
2021-10-26 13:22:35 DEBUG chesslib.c:195: g_move_to | color = 0
2021-10-26 13:22:35 DEBUG chesslib.c:196: g_move_to | en_passant = 0
2021-10-26 13:22:35 DEBUG chesslib.c:197: g_move_to | is_castling = 0
2021-10-26 13:22:35 DEBUG chesslib.c:198: g_move_to | global castling = 1-0
2021-10-26 13:22:36 DEBUG chesslib.c:152: g_alpha_beta | 1 5 
2021-10-26 13:22:48 DEBUG chesslib.c:171: g_alpha_beta | 2701802 -435 57 42 0 0 12.333000 
2021-10-26 13:22:48 DEBUG chesslib.c:195: g_move_to | color = 1
2021-10-26 13:22:48 DEBUG chesslib.c:196: g_move_to | en_passant = 0
2021-10-26 13:22:48 DEBUG chesslib.c:197: g_move_to | is_castling = 0
2021-10-26 13:22:48 DEBUG chesslib.c:198: g_move_to | global castling = 1-0
2021-10-26 13:23:13 DEBUG chesslib.c:195: g_move_to | color = 0
2021-10-26 13:23:13 DEBUG chesslib.c:196: g_move_to | en_passant = 0
2021-10-26 13:23:13 DEBUG chesslib.c:197: g_move_to | is_castling = 0
2021-10-26 13:23:13 DEBUG chesslib.c:198: g_move_to | global castling = 1-0
2021-10-26 13:23:13 DEBUG chesslib.c:152: g_alpha_beta | 1 5 
2021-10-26 13:23:24 DEBUG chesslib.c:171: g_alpha_beta | 2488509 -515 49 33 0 0 10.687000 
2021-10-26 13:23:24 DEBUG chesslib.c:195: g_move_to | color = 1
2021-10-26 13:23:24 DEBUG chesslib.c:196: g_move_to | en_passant = 0
2021-10-26 13:23:24 DEBUG chesslib.c:197: g_move_to | is_castling = 0
2021-10-26 13:23:24 DEBUG chesslib.c:198: g_move_to | global castling = 1-0
2021-10-26 13:23:37 DEBUG chesslib.c:195: g_move_to | color = 0
2021-10-26 13:23:37 DEBUG chesslib.c:196: g_move_to | en_passant = 0
2021-10-26 13:23:37 DEBUG chesslib.c:197: g_move_to | is_castling = 0
2021-10-26 13:23:37 DEBUG chesslib.c:198: g_move_to | global castling = 1-0
2021-10-26 13:23:38 DEBUG chesslib.c:152: g_alpha_beta | 1 5 
2021-10-26 13:23:51 DEBUG chesslib.c:171: g_alpha_beta | 4293656 -655 42 27 0 0 13.277000 
2021-10-26 13:23:51 DEBUG chesslib.c:195: g_move_to | color = 1
2021-10-26 13:23:51 DEBUG chesslib.c:196: g_move_to | en_passant = 0
2021-10-26 13:23:51 DEBUG chesslib.c:197: g_move_to | is_castling = 0
2021-10-26 13:23:51 DEBUG chesslib.c:198: g_move_to | global castling = 1-0
2021-10-26 13:24:20 DEBUG chesslib.c:195: g_move_to | color = 0
2021-10-26 13:24:20 DEBUG chesslib.c:196: g_move_to | en_passant = 0
2021-10-26 13:24:20 DEBUG chesslib.c:197: g_move_to | is_castling = 0
2021-10-26 13:24:20 DEBUG chesslib.c:198: g_move_to | global castling = 1-0
2021-10-26 13:24:20 DEBUG chesslib.c:152: g_alpha_beta | 1 5 
2021-10-26 13:24:35 DEBUG chesslib.c:171: g_alpha_beta | 4125769 -565 51 42 0 0 15.230000 
2021-10-26 13:24:35 DEBUG chesslib.c:195: g_move_to | color = 1
2021-10-26 13:24:35 DEBUG chesslib.c:196: g_move_to | en_passant = 0
2021-10-26 13:24:35 DEBUG chesslib.c:197: g_move_to | is_castling = 0
2021-10-26 13:24:35 DEBUG chesslib.c:198: g_move_to | global castling = 1-0
2021-10-26 13:24:54 DEBUG chesslib.c:195: g_move_to | color = 0
2021-10-26 13:24:54 DEBUG chesslib.c:196: g_move_to | en_passant = 0
2021-10-26 13:24:54 DEBUG chesslib.c:197: g_move_to | is_castling = 0
2021-10-26 13:24:54 DEBUG chesslib.c:198: g_move_to | global castling = 1-0
2021-10-26 13:24:54 DEBUG chesslib.c:152: g_alpha_beta | 1 5 
2021-10-26 13:24:59 DEBUG chesslib.c:171: g_alpha_beta | 1295651 -975 27 12 0 0 4.210000 
2021-10-26 13:24:59 DEBUG chesslib.c:195: g_move_to | color = 1
2021-10-26 13:24:59 DEBUG chesslib.c:196: g_move_to | en_passant = 0
2021-10-26 13:24:59 DEBUG chesslib.c:197: g_move_to | is_castling = 0
2021-10-26 13:24:59 DEBUG chesslib.c:198: g_move_to | global castling = 1-0
2021-10-26 13:25:10 DEBUG chesslib.c:195: g_move_to | color = 0
2021-10-26 13:25:10 DEBUG chesslib.c:196: g_move_to | en_passant = 0
2021-10-26 13:25:10 DEBUG chesslib.c:197: g_move_to | is_castling = 0
2021-10-26 13:25:10 DEBUG chesslib.c:198: g_move_to | global castling = 1-0
2021-10-26 13:25:11 DEBUG chesslib.c:152: g_alpha_beta | 1 5 
2021-10-26 13:25:25 DEBUG chesslib.c:171: g_alpha_beta | 4298019 -660 42 21 0 0 14.755000 
2021-10-26 13:25:25 DEBUG chesslib.c:195: g_move_to | color = 1
2021-10-26 13:25:25 DEBUG chesslib.c:196: g_move_to | en_passant = 0
2021-10-26 13:25:25 DEBUG chesslib.c:197: g_move_to | is_castling = 0
2021-10-26 13:25:25 DEBUG chesslib.c:198: g_move_to | global castling = 1-0
2021-10-26 13:27:14 DEBUG chesslib.c:195: g_move_to | color = 0
2021-10-26 13:27:14 DEBUG chesslib.c:196: g_move_to | en_passant = 0
2021-10-26 13:27:14 DEBUG chesslib.c:197: g_move_to | is_castling = 0
2021-10-26 13:27:14 DEBUG chesslib.c:198: g_move_to | global castling = 1-0
2021-10-26 13:27:15 DEBUG chesslib.c:152: g_alpha_beta | 1 5 
2021-10-26 13:27:20 DEBUG chesslib.c:171: g_alpha_beta | 1627332 -1040 30 28 0 0 5.289000 
2021-10-26 13:27:20 DEBUG chesslib.c:195: g_move_to | color = 1
2021-10-26 13:27:20 DEBUG chesslib.c:196: g_move_to | en_passant = 0
2021-10-26 13:27:20 DEBUG chesslib.c:197: g_move_to | is_castling = 0
2021-10-26 13:27:20 DEBUG chesslib.c:198: g_move_to | global castling = 1-0
2021-10-26 13:27:44 DEBUG chesslib.c:195: g_move_to | color = 0
2021-10-26 13:27:44 DEBUG chesslib.c:196: g_move_to | en_passant = 0
2021-10-26 13:27:44 DEBUG chesslib.c:197: g_move_to | is_castling = 0
2021-10-26 13:27:44 DEBUG chesslib.c:198: g_move_to | global castling = 1-0
2021-10-26 13:27:45 DEBUG chesslib.c:152: g_alpha_beta | 1 5 
2021-10-26 13:27:45 DEBUG chesslib.c:171: g_alpha_beta | 52925 -1670 56 59 0 0 0.164000 
2021-10-26 13:27:45 DEBUG chesslib.c:195: g_move_to | color = 1
2021-10-26 13:27:45 DEBUG chesslib.c:196: g_move_to | en_passant = 0
2021-10-26 13:27:45 DEBUG chesslib.c:197: g_move_to | is_castling = 0
2021-10-26 13:27:45 DEBUG chesslib.c:198: g_move_to | global castling = 1-0
2021-10-26 13:28:03 DEBUG chesslib.c:195: g_move_to | color = 0
2021-10-26 13:28:03 DEBUG chesslib.c:196: g_move_to | en_passant = 0
2021-10-26 13:28:03 DEBUG chesslib.c:197: g_move_to | is_castling = 0
2021-10-26 13:28:03 DEBUG chesslib.c:198: g_move_to | global castling = 1-0
2021-10-26 13:28:03 DEBUG chesslib.c:152: g_alpha_beta | 1 5 
2021-10-26 13:28:04 DEBUG chesslib.c:171: g_alpha_beta | 185605 -32768 21 14 0 0 0.543000 
2021-10-26 13:28:04 DEBUG chesslib.c:195: g_move_to | color = 1
2021-10-26 13:28:04 DEBUG chesslib.c:196: g_move_to | en_passant = 0
2021-10-26 13:28:04 DEBUG chesslib.c:197: g_move_to | is_castling = 0
2021-10-26 13:28:04 DEBUG chesslib.c:198: g_move_to | global castling = 1-0
2021-10-26 13:28:33 DEBUG chesslib.c:100: g_close_chess_lib
2021-10-26 13:42:31 DEBUG chesslib.c:85: g_init_chess_lib
2021-10-26 13:42:31 DEBUG chesslib.c:266: g_get_moves_list | color = 0
2021-10-26 13:42:32 DEBUG chesslib.c:190: g_move_to | color = 0
2021-10-26 13:42:32 DEBUG chesslib.c:191: g_move_to | en_passant = 0
2021-10-26 13:42:32 DEBUG chesslib.c:192: g_move_to | is_castling = 0
2021-10-26 13:42:32 DEBUG chesslib.c:193: g_move_to | global castling = 0-0
2021-10-26 13:42:33 DEBUG chesslib.c:147: g_alpha_beta | 1 5 
2021-10-26 13:42:33 DEBUG chesslib.c:166: g_alpha_beta | 162537 -90 57 42 0 0 0.817000 
2021-10-26 13:42:33 DEBUG chesslib.c:190: g_move_to | color = 1
2021-10-26 13:42:33 DEBUG chesslib.c:191: g_move_to | en_passant = 0
2021-10-26 13:42:33 DEBUG chesslib.c:192: g_move_to | is_castling = 0
2021-10-26 13:42:33 DEBUG chesslib.c:193: g_move_to | global castling = 0-0
2021-10-26 13:42:34 DEBUG chesslib.c:266: g_get_moves_list | color = 0
2021-10-26 13:42:35 DEBUG chesslib.c:190: g_move_to | color = 0
2021-10-26 13:42:35 DEBUG chesslib.c:191: g_move_to | en_passant = 0
2021-10-26 13:42:35 DEBUG chesslib.c:192: g_move_to | is_castling = 0
2021-10-26 13:42:35 DEBUG chesslib.c:193: g_move_to | global castling = 0-0
2021-10-26 13:42:35 DEBUG chesslib.c:147: g_alpha_beta | 1 5 
2021-10-26 13:42:37 DEBUG chesslib.c:166: g_alpha_beta | 209711 -110 52 36 0 0 1.312000 
2021-10-26 13:42:37 DEBUG chesslib.c:190: g_move_to | color = 1
2021-10-26 13:42:37 DEBUG chesslib.c:191: g_move_to | en_passant = 0
2021-10-26 13:42:37 DEBUG chesslib.c:192: g_move_to | is_castling = 0
2021-10-26 13:42:37 DEBUG chesslib.c:193: g_move_to | global castling = 0-0
2021-10-26 13:42:37 DEBUG chesslib.c:266: g_get_moves_list | color = 0
2021-10-26 13:42:38 DEBUG chesslib.c:190: g_move_to | color = 0
2021-10-26 13:42:38 DEBUG chesslib.c:191: g_move_to | en_passant = 0
2021-10-26 13:42:38 DEBUG chesslib.c:192: g_move_to | is_castling = 0
2021-10-26 13:42:38 DEBUG chesslib.c:193: g_move_to | global castling = 0-0
2021-10-26 13:42:38 DEBUG chesslib.c:147: g_alpha_beta | 1 5 
2021-10-26 13:42:40 DEBUG chesslib.c:166: g_alpha_beta | 260430 -200 61 25 0 0 1.248000 
2021-10-26 13:42:40 DEBUG chesslib.c:190: g_move_to | color = 1
2021-10-26 13:42:40 DEBUG chesslib.c:191: g_move_to | en_passant = 0
2021-10-26 13:42:40 DEBUG chesslib.c:192: g_move_to | is_castling = 0
2021-10-26 13:42:40 DEBUG chesslib.c:193: g_move_to | global castling = 0-0
2021-10-26 13:42:41 DEBUG chesslib.c:266: g_get_moves_list | color = 0
2021-10-26 13:42:42 DEBUG chesslib.c:190: g_move_to | color = 0
2021-10-26 13:42:42 DEBUG chesslib.c:191: g_move_to | en_passant = 0
2021-10-26 13:42:42 DEBUG chesslib.c:192: g_move_to | is_castling = 0
2021-10-26 13:42:42 DEBUG chesslib.c:193: g_move_to | global castling = 0-0
2021-10-26 13:42:42 DEBUG chesslib.c:147: g_alpha_beta | 1 5 
2021-10-26 13:42:43 DEBUG chesslib.c:166: g_alpha_beta | 156946 -715 25 11 0 0 0.545000 
2021-10-26 13:42:43 DEBUG chesslib.c:190: g_move_to | color = 1
2021-10-26 13:42:43 DEBUG chesslib.c:191: g_move_to | en_passant = 0
2021-10-26 13:42:43 DEBUG chesslib.c:192: g_move_to | is_castling = 0
2021-10-26 13:42:43 DEBUG chesslib.c:193: g_move_to | global castling = 0-0
2021-10-26 13:42:44 DEBUG chesslib.c:266: g_get_moves_list | color = 0
2021-10-26 13:42:44 DEBUG chesslib.c:190: g_move_to | color = 0
2021-10-26 13:42:44 DEBUG chesslib.c:191: g_move_to | en_passant = 0
2021-10-26 13:42:44 DEBUG chesslib.c:192: g_move_to | is_castling = 0
2021-10-26 13:42:44 DEBUG chesslib.c:193: g_move_to | global castling = 0-0
2021-10-26 13:42:45 DEBUG chesslib.c:147: g_alpha_beta | 1 5 
2021-10-26 13:42:45 DEBUG chesslib.c:166: g_alpha_beta | 82830 -750 42 27 0 0 0.326000 
2021-10-26 13:42:45 DEBUG chesslib.c:190: g_move_to | color = 1
2021-10-26 13:42:45 DEBUG chesslib.c:191: g_move_to | en_passant = 0
2021-10-26 13:42:45 DEBUG chesslib.c:192: g_move_to | is_castling = 0
2021-10-26 13:42:45 DEBUG chesslib.c:193: g_move_to | global castling = 0-0
2021-10-26 13:42:48 DEBUG chesslib.c:98: g_close_chess_lib
2021-10-26 16:27:42 DEBUG chesslib.c:85: g_init_chess_lib
2021-10-26 16:27:44 DEBUG chesslib.c:266: g_get_moves_list | color = 0
2021-10-26 16:27:44 DEBUG chesslib.c:190: g_move_to | color = 0
2021-10-26 16:27:44 DEBUG chesslib.c:191: g_move_to | en_passant = 0
2021-10-26 16:27:44 DEBUG chesslib.c:192: g_move_to | is_castling = 0
2021-10-26 16:27:44 DEBUG chesslib.c:193: g_move_to | global castling = 0-0
2021-10-26 16:27:45 DEBUG chesslib.c:147: g_alpha_beta | 1 5 
2021-10-26 16:27:46 DEBUG chesslib.c:166: g_alpha_beta | 162537 -90 57 42 0 0 0.788000 
2021-10-26 16:27:46 DEBUG chesslib.c:190: g_move_to | color = 1
2021-10-26 16:27:46 DEBUG chesslib.c:191: g_move_to | en_passant = 0
2021-10-26 16:27:46 DEBUG chesslib.c:192: g_move_to | is_castling = 0
2021-10-26 16:27:46 DEBUG chesslib.c:193: g_move_to | global castling = 0-0
2021-10-26 16:27:46 DEBUG chesslib.c:266: g_get_moves_list | color = 0
2021-10-26 16:27:47 DEBUG chesslib.c:190: g_move_to | color = 0
2021-10-26 16:27:47 DEBUG chesslib.c:191: g_move_to | en_passant = 0
2021-10-26 16:27:47 DEBUG chesslib.c:192: g_move_to | is_castling = 0
2021-10-26 16:27:47 DEBUG chesslib.c:193: g_move_to | global castling = 0-0
2021-10-26 16:27:47 DEBUG chesslib.c:147: g_alpha_beta | 1 5 
2021-10-26 16:27:48 DEBUG chesslib.c:166: g_alpha_beta | 224793 -155 52 36 0 0 1.102000 
2021-10-26 16:27:48 DEBUG chesslib.c:190: g_move_to | color = 1
2021-10-26 16:27:48 DEBUG chesslib.c:191: g_move_to | en_passant = 0
2021-10-26 16:27:48 DEBUG chesslib.c:192: g_move_to | is_castling = 0
2021-10-26 16:27:48 DEBUG chesslib.c:193: g_move_to | global castling = 0-0
2021-10-26 16:27:50 DEBUG chesslib.c:98: g_close_chess_lib
2021-10-26 16:41:45 DEBUG chesslib.c:85: g_init_chess_lib
2021-10-26 16:41:46 DEBUG chesslib.c:268: g_get_moves_list | color = 0
2021-10-26 16:41:46 DEBUG chesslib.c:190: g_move_to | color = 0
2021-10-26 16:41:46 DEBUG chesslib.c:191: g_move_to | en_passant = 0
2021-10-26 16:41:46 DEBUG chesslib.c:192: g_move_to | is_castling = 0
2021-10-26 16:41:46 DEBUG chesslib.c:193: g_move_to | global castling = 0-0
2021-10-26 16:41:47 DEBUG chesslib.c:147: g_alpha_beta | 1 5 
2021-10-26 16:41:48 DEBUG chesslib.c:166: g_alpha_beta | 144540 -90 57 42 0 0 0.920000 
2021-10-26 16:41:48 DEBUG chesslib.c:190: g_move_to | color = 1
2021-10-26 16:41:48 DEBUG chesslib.c:191: g_move_to | en_passant = 0
2021-10-26 16:41:48 DEBUG chesslib.c:192: g_move_to | is_castling = 0
2021-10-26 16:41:48 DEBUG chesslib.c:193: g_move_to | global castling = 0-0
2021-10-26 16:41:52 DEBUG chesslib.c:268: g_get_moves_list | color = 0
2021-10-26 16:41:52 DEBUG chesslib.c:190: g_move_to | color = 0
2021-10-26 16:41:52 DEBUG chesslib.c:191: g_move_to | en_passant = 0
2021-10-26 16:41:52 DEBUG chesslib.c:192: g_move_to | is_castling = 0
2021-10-26 16:41:52 DEBUG chesslib.c:193: g_move_to | global castling = 0-0
2021-10-26 16:41:53 DEBUG chesslib.c:147: g_alpha_beta | 1 5 
2021-10-26 16:41:55 DEBUG chesslib.c:166: g_alpha_beta | 304833 -85 52 44 0 0 1.928000 
2021-10-26 16:41:55 DEBUG chesslib.c:190: g_move_to | color = 1
2021-10-26 16:41:55 DEBUG chesslib.c:191: g_move_to | en_passant = 0
2021-10-26 16:41:55 DEBUG chesslib.c:192: g_move_to | is_castling = 0
2021-10-26 16:41:55 DEBUG chesslib.c:193: g_move_to | global castling = 0-0
2021-10-26 16:41:58 DEBUG chesslib.c:268: g_get_moves_list | color = 0
2021-10-26 16:41:59 DEBUG chesslib.c:190: g_move_to | color = 0
2021-10-26 16:41:59 DEBUG chesslib.c:191: g_move_to | en_passant = 0
2021-10-26 16:41:59 DEBUG chesslib.c:192: g_move_to | is_castling = 0
2021-10-26 16:41:59 DEBUG chesslib.c:193: g_move_to | global castling = 0-0
2021-10-26 16:42:00 DEBUG chesslib.c:147: g_alpha_beta | 1 5 
2021-10-26 16:42:02 DEBUG chesslib.c:166: g_alpha_beta | 588244 -185 59 45 0 0 2.784000 
2021-10-26 16:42:02 DEBUG chesslib.c:190: g_move_to | color = 1
2021-10-26 16:42:02 DEBUG chesslib.c:191: g_move_to | en_passant = 0
2021-10-26 16:42:02 DEBUG chesslib.c:192: g_move_to | is_castling = 0
2021-10-26 16:42:02 DEBUG chesslib.c:193: g_move_to | global castling = 0-0
2021-10-26 16:42:02 DEBUG chesslib.c:268: g_get_moves_list | color = 0
2021-10-26 16:42:05 DEBUG chesslib.c:190: g_move_to | color = 0
2021-10-26 16:42:05 DEBUG chesslib.c:191: g_move_to | en_passant = 0
2021-10-26 16:42:05 DEBUG chesslib.c:192: g_move_to | is_castling = 0
2021-10-26 16:42:05 DEBUG chesslib.c:193: g_move_to | global castling = 0-0
2021-10-26 16:42:06 DEBUG chesslib.c:147: g_alpha_beta | 1 5 
2021-10-26 16:42:11 DEBUG chesslib.c:166: g_alpha_beta | 1184405 -210 51 35 0 0 5.617000 
2021-10-26 16:42:11 DEBUG chesslib.c:190: g_move_to | color = 1
2021-10-26 16:42:11 DEBUG chesslib.c:191: g_move_to | en_passant = 0
2021-10-26 16:42:11 DEBUG chesslib.c:192: g_move_to | is_castling = 0
2021-10-26 16:42:11 DEBUG chesslib.c:193: g_move_to | global castling = 0-0
2021-10-26 16:42:12 DEBUG chesslib.c:268: g_get_moves_list | color = 0
2021-10-26 16:42:12 DEBUG chesslib.c:190: g_move_to | color = 0
2021-10-26 16:42:12 DEBUG chesslib.c:191: g_move_to | en_passant = 0
2021-10-26 16:42:12 DEBUG chesslib.c:192: g_move_to | is_castling = 1
2021-10-26 16:42:12 DEBUG chesslib.c:193: g_move_to | global castling = 0-0
2021-10-26 16:42:12 DEBUG chesslib.c:202: g_move_to | set castling[0]=1
2021-10-26 16:42:12 DEBUG chesslib.c:190: g_move_to | color = 0
2021-10-26 16:42:12 DEBUG chesslib.c:191: g_move_to | en_passant = 0
2021-10-26 16:42:12 DEBUG chesslib.c:192: g_move_to | is_castling = 1
2021-10-26 16:42:12 DEBUG chesslib.c:193: g_move_to | global castling = 1-0
2021-10-26 16:42:12 DEBUG chesslib.c:202: g_move_to | set castling[0]=1
2021-10-26 16:42:13 DEBUG chesslib.c:147: g_alpha_beta | 1 5 
2021-10-26 16:42:24 DEBUG chesslib.c:166: g_alpha_beta | 2183714 -175 55 39 0 0 10.676000 
2021-10-26 16:42:24 DEBUG chesslib.c:190: g_move_to | color = 1
2021-10-26 16:42:24 DEBUG chesslib.c:191: g_move_to | en_passant = 0
2021-10-26 16:42:24 DEBUG chesslib.c:192: g_move_to | is_castling = 0
2021-10-26 16:42:24 DEBUG chesslib.c:193: g_move_to | global castling = 1-0
2021-10-26 16:42:29 DEBUG chesslib.c:268: g_get_moves_list | color = 0
2021-10-26 16:42:30 DEBUG chesslib.c:98: g_close_chess_lib
2021-10-26 17:02:59 DEBUG chesslib.c:85: g_init_chess_lib
2021-10-26 17:03:01 DEBUG chesslib.c:268: g_get_moves_list | color = 0
2021-10-26 17:03:02 DEBUG chesslib.c:190: g_move_to | color = 0
2021-10-26 17:03:02 DEBUG chesslib.c:191: g_move_to | en_passant = 0
2021-10-26 17:03:02 DEBUG chesslib.c:192: g_move_to | is_castling = 0
2021-10-26 17:03:02 DEBUG chesslib.c:193: g_move_to | global castling = 0-0
2021-10-26 17:03:02 DEBUG chesslib.c:147: g_alpha_beta | 1 5 
2021-10-26 17:03:03 DEBUG chesslib.c:166: g_alpha_beta | 103731 -70 51 35 0 0 0.478000 
2021-10-26 17:03:03 DEBUG chesslib.c:190: g_move_to | color = 1
2021-10-26 17:03:03 DEBUG chesslib.c:191: g_move_to | en_passant = 0
2021-10-26 17:03:03 DEBUG chesslib.c:192: g_move_to | is_castling = 0
2021-10-26 17:03:03 DEBUG chesslib.c:193: g_move_to | global castling = 0-0
2021-10-26 17:03:03 DEBUG chesslib.c:98: g_close_chess_lib
